Using pre-set license
Built from '2020.3/staging' branch; Version is '2020.3.21f1 (a38c86f6690f) revision 10718342'; Using compiler version '192528614'; Build Type 'Release'
OS: 'Windows 10 Home Single Language; OS build 22000.1335; Version 2009; 64bit' Language: 'en' Physical Memory: 32506 MB
BatchMode: 1, IsHumanControllingUs: 0, StartBugReporterOnCrash: 0, Is64bit: 1, IsPro: 0

COMMAND LINE ARGUMENTS:
C:\Program Files\Unity\Hub\Editor\2020.3.21f1\Editor\Unity.exe
-adb2
-batchMode
-noUpm
-name
AssetImportWorker0
-projectPath
C:/Unity/Discover-The-Gem
-logFile
Logs/AssetImportWorker0.log
-srvPort
51311
Successfully changed project path to: C:/Unity/Discover-The-Gem
C:/Unity/Discover-The-Gem
Using Asset Import Pipeline V2.
Refreshing native plugins compatible for Editor in 32.93 ms, found 3 plugins.
Preloading 0 native plugins for Editor in 0.00 ms.
Initialize engine version: 2020.3.21f1 (a38c86f6690f)
[Subsystems] Discovering subsystems at path C:/Program Files/Unity/Hub/Editor/2020.3.21f1/Editor/Data/Resources/UnitySubsystems
[Subsystems] Discovering subsystems at path C:/Unity/Discover-The-Gem/Assets
GfxDevice: creating device client; threaded=0
Direct3D:
    Version:  Direct3D 11.0 [level 11.1]
    Renderer: NVIDIA GeForce RTX 3060 Laptop GPU (ID=0x2520)
    Vendor:   
    VRAM:     6023 MB
    Driver:   31.0.15.1720
Initialize mono
Mono path[0] = 'C:/Program Files/Unity/Hub/Editor/2020.3.21f1/Editor/Data/Managed'
Mono path[1] = 'C:/Program Files/Unity/Hub/Editor/2020.3.21f1/Editor/Data/MonoBleedingEdge/lib/mono/unityjit'
Mono config path = 'C:/Program Files/Unity/Hub/Editor/2020.3.21f1/Editor/Data/MonoBleedingEdge/etc'
Using monoOptions --debugger-agent=transport=dt_socket,embedding=1,server=y,suspend=n,address=127.0.0.1:56060
Begin MonoManager ReloadAssembly
Registering precompiled unity dll's ...
Register platform support module: C:/Program Files/Unity/Hub/Editor/2020.3.21f1/Editor/Data/PlaybackEngines/WindowsStandaloneSupport/UnityEditor.WindowsStandalone.Extensions.dll
Registered in 0.001040 seconds.
Native extension for WindowsStandalone target not found
Refreshing native plugins compatible for Editor in 33.88 ms, found 3 plugins.
Preloading 0 native plugins for Editor in 0.00 ms.
Mono: successfully reloaded assembly
- Completed reload, in  1.132 seconds
Domain Reload Profiling:
	ReloadAssembly (1132ms)
		BeginReloadAssembly (36ms)
			ExecutionOrderSort (0ms)
			DisableScriptedObjects (0ms)
			BackupInstance (0ms)
			ReleaseScriptingObjects (0ms)
			CreateAndSetChildDomain (1ms)
		EndReloadAssembly (308ms)
			LoadAssemblies (34ms)
			RebuildTransferFunctionScriptingTraits (0ms)
			SetupTypeCache (102ms)
			ReleaseScriptCaches (0ms)
			RebuildScriptCaches (21ms)
			SetupLoadedEditorAssemblies (122ms)
				LogAssemblyErrors (0ms)
				InitializePlatformSupportModulesInManaged (3ms)
				SetLoadedEditorAssemblies (0ms)
				RefreshPlugins (34ms)
				BeforeProcessingInitializeOnLoad (11ms)
				ProcessInitializeOnLoadAttributes (55ms)
				ProcessInitializeOnLoadMethodAttributes (19ms)
				AfterProcessingInitializeOnLoad (0ms)
				EditorAssembliesLoaded (0ms)
			ExecutionOrderSort2 (0ms)
			AwakeInstancesAfterBackupRestoration (0ms)
Platform modules already initialized, skipping
Registering precompiled user dll's ...
Registered in 0.002936 seconds.
Begin MonoManager ReloadAssembly
Native extension for WindowsStandalone target not found
Refreshing native plugins compatible for Editor in 32.81 ms, found 3 plugins.
Preloading 0 native plugins for Editor in 0.00 ms.
Mono: successfully reloaded assembly
- Completed reload, in  0.758 seconds
Domain Reload Profiling:
	ReloadAssembly (759ms)
		BeginReloadAssembly (94ms)
			ExecutionOrderSort (0ms)
			DisableScriptedObjects (3ms)
			BackupInstance (0ms)
			ReleaseScriptingObjects (0ms)
			CreateAndSetChildDomain (14ms)
		EndReloadAssembly (622ms)
			LoadAssemblies (59ms)
			RebuildTransferFunctionScriptingTraits (0ms)
			SetupTypeCache (205ms)
			ReleaseScriptCaches (0ms)
			RebuildScriptCaches (33ms)
			SetupLoadedEditorAssemblies (243ms)
				LogAssemblyErrors (0ms)
				InitializePlatformSupportModulesInManaged (3ms)
				SetLoadedEditorAssemblies (0ms)
				RefreshPlugins (33ms)
				BeforeProcessingInitializeOnLoad (56ms)
				ProcessInitializeOnLoadAttributes (136ms)
				ProcessInitializeOnLoadMethodAttributes (11ms)
				AfterProcessingInitializeOnLoad (3ms)
				EditorAssembliesLoaded (0ms)
			ExecutionOrderSort2 (0ms)
			AwakeInstancesAfterBackupRestoration (4ms)
Platform modules already initialized, skipping
========================================================================
Worker process is ready to serve import requests
Launched and connected shader compiler UnityShaderCompiler.exe after 0.02 seconds
Refreshing native plugins compatible for Editor in 0.43 ms, found 3 plugins.
Preloading 0 native plugins for Editor in 0.00 ms.
Unloading 2229 Unused Serialized files (Serialized files now loaded: 0)
System memory in use before: 98.6 MB.
System memory in use after: 98.7 MB.

Unloading 28 unused Assets to reduce memory usage. Loaded Objects now: 2663.
Total: 2.524600 ms (FindLiveObjects: 0.135800 ms CreateObjectMapping: 0.035800 ms MarkObjects: 2.276500 ms  DeleteObjects: 0.075700 ms)

AssetImportParameters requested are different than current active one (requested -> active):
  custom:framework-win-MediaFoundation: 216162199b28c13a410421893ffa2e32 -> 
  custom:video-decoder-ogg-theora: a1e56fd34408186e4bbccfd4996cb3dc -> 
  custom:container-muxer-webm: aa71ff27fc2769a1b78a27578f13a17b -> 
  custom:container-demuxer-webm: 4f35f7cbe854078d1ac9338744f61a02 -> 
  custom:container-demuxer-ogg: 62fdf1f143b41e24485cea50d1cbac27 -> 
  custom:video-encoder-webm-vp8: eb34c28f22e8b96e1ab97ce403110664 -> 
  custom:video-codec-MediaFoundation-h265: 746d11721c4dcdbdad8f713fa42b33f4 -> 
  custom:video-decoder-webm-vp8: 9c59270c3fd7afecdb556c50c9e8de78 -> 
  custom:audio-decoder-ogg-vorbis: bf7c407c2cedff20999df2af8eb42d56 -> 
  custom:audio-encoder-webm-vorbis: bf7c407c2cedff20999df2af8eb42d56 -> 
========================================================================
Received Import Request.
  path: Assets/Decoration/Background/pxArt (6).png
  artifactKey: Guid(456248913f8a66d4fb5cbeb2af7ea097) Importer(815301076,1909f56bfc062723c751e8b465ee728b)
Start importing Assets/Decoration/Background/pxArt (6).png using Guid(456248913f8a66d4fb5cbeb2af7ea097) Importer(815301076,1909f56bfc062723c751e8b465ee728b)  -> (artifact id: 'ff2e589260f24b325584769269ba844c') in 0.072114 seconds 
  Import took 0.074951 seconds .

========================================================================
Received Import Request.
  Time since last request: 5.862881 seconds.
  path: Assets/Decoration/Background/tomb.png
  artifactKey: Guid(456248913f8a66d4fb5cbeb2af7ea097) Importer(815301076,1909f56bfc062723c751e8b465ee728b)
Start importing Assets/Decoration/Background/tomb.png using Guid(456248913f8a66d4fb5cbeb2af7ea097) Importer(815301076,1909f56bfc062723c751e8b465ee728b)  -> (artifact id: 'c787c7968cc54b8b4b34e9f9a8a22741') in 0.012631 seconds 
  Import took 0.015721 seconds .

========================================================================
Received Import Request.
  Time since last request: 12.067825 seconds.
  path: Assets/Scenes/Lose.unity
  artifactKey: Guid(96fa80e5f7525994aa36c7f93c26d6dd) Importer(815301076,1909f56bfc062723c751e8b465ee728b)
Start importing Assets/Scenes/Lose.unity using Guid(96fa80e5f7525994aa36c7f93c26d6dd) Importer(815301076,1909f56bfc062723c751e8b465ee728b)  -> (artifact id: 'cb2d76a58cd98676836f5f7067bb8db4') in 0.005798 seconds 
  Import took 0.008833 seconds .

========================================================================
Received Import Request.
  Time since last request: 10.133396 seconds.
  path: Assets/Scenes/Start.unity
  artifactKey: Guid(952b9e16e085b0e4bb8bf59753363327) Importer(815301076,1909f56bfc062723c751e8b465ee728b)
Start importing Assets/Scenes/Start.unity using Guid(952b9e16e085b0e4bb8bf59753363327) Importer(815301076,1909f56bfc062723c751e8b465ee728b)  -> (artifact id: 'c1402472fca51591c7533dac14ed0666') in 0.005532 seconds 
  Import took 0.008518 seconds .

========================================================================
Received Import Request.
  Time since last request: 62.954829 seconds.
  path: Assets/Decoration/Extra
  artifactKey: Guid(e33c53a0afc47e040bc1524b990bf23d) Importer(815301076,1909f56bfc062723c751e8b465ee728b)
Start importing Assets/Decoration/Extra using Guid(e33c53a0afc47e040bc1524b990bf23d) Importer(815301076,1909f56bfc062723c751e8b465ee728b)  -> (artifact id: 'ad8440a7caade5393a1c4e2c9698f2f5') in 0.004434 seconds 
  Import took 0.007481 seconds .

========================================================================
Received Import Request.
  Time since last request: 1649.761720 seconds.
  path: Assets/Sprites/Next Stage
  artifactKey: Guid(55a442e522b57bc4ab449006a7c31cad) Importer(815301076,1909f56bfc062723c751e8b465ee728b)
Start importing Assets/Sprites/Next Stage using Guid(55a442e522b57bc4ab449006a7c31cad) Importer(815301076,1909f56bfc062723c751e8b465ee728b)  -> (artifact id: 'bb772dab11edeb5a0a321292145ffa69') in 0.004762 seconds 
  Import took 0.008790 seconds .

========================================================================
Received Import Request.
  Time since last request: 4.825415 seconds.
  path: Assets/Sprites/Next Stage/pxArt (7).png
  artifactKey: Guid(7b02103a45e03284a81190ac1723cbe9) Importer(815301076,1909f56bfc062723c751e8b465ee728b)
Start importing Assets/Sprites/Next Stage/pxArt (7).png using Guid(7b02103a45e03284a81190ac1723cbe9) Importer(815301076,1909f56bfc062723c751e8b465ee728b)  -> (artifact id: '79e55eecd686a4cb1db6464a421c9c69') in 0.017385 seconds 
  Import took 0.020365 seconds .

========================================================================
Received Import Request.
  Time since last request: 3.203799 seconds.
  path: Assets/Sprites/Next Stage/door.png
  artifactKey: Guid(7b02103a45e03284a81190ac1723cbe9) Importer(815301076,1909f56bfc062723c751e8b465ee728b)
Start importing Assets/Sprites/Next Stage/door.png using Guid(7b02103a45e03284a81190ac1723cbe9) Importer(815301076,1909f56bfc062723c751e8b465ee728b)  -> (artifact id: '0d194a66b4da7cf78ebde554fddc75bd') in 0.017915 seconds 
  Import took 0.020957 seconds .

========================================================================
Received Import Request.
  Time since last request: 1070.472189 seconds.
  path: Assets/Scenes/Level4.unity
  artifactKey: Guid(50f58325fb718154ebfc79eb2010656d) Importer(815301076,1909f56bfc062723c751e8b465ee728b)
Start importing Assets/Scenes/Level4.unity using Guid(50f58325fb718154ebfc79eb2010656d) Importer(815301076,1909f56bfc062723c751e8b465ee728b)  -> (artifact id: '27cb0ec266bf0448eaf8dbf6a4e67b34') in 0.005113 seconds 
  Import took 0.008924 seconds .

AssetImportWorkerClient::OnTransportError - code=2 error=End of file
